This is METAFONT, Version 2.718281 (TeX Live 2013) (base=mf 2013.5.30)  5 MAY 2014 12:59
**/Users/cjrd/0002_load_initdata.py .
(/Users/cjrd/0002_load_initdata.py
! A secondary expression can't begin with `*'.
<inserted text> 
                0
<to be read again> 
                   *
l.1 # -*
        - coding: utf-8 -*-
? 
>> #
! Isolated expression.
<to be read again> 
                   :
l.1 # -*- coding:
                  utf-8 -*-
? 
! Emergency stop.
<to be read again> 
                   :
l.1 # -*- coding:
                  utf-8 -*-
End of file on the terminal!


